<?xml version="1.0" encoding="utf-8"?><testsuites name="pytest tests"><testsuite name="pytest" errors="0" failures="0" skipped="0" tests="318" time="26.115" timestamp="2025-09-06T05:50:06.723184+02:00" hostname="aifeideMacBook-Pro.local"><testcase classname="tests.component.test_checks_index_and_import" name="test_module_import_candidates" time="0.003" /><testcase classname="tests.component.test_checks_index_and_import" name="test_build_and_load_test_index" time="0.002" /><testcase classname="tests.component.test_checks_index_and_import" name="test_run_lint_skips_on_non_python_files" time="0.001" /><testcase classname="tests.component.test_checks_run_quick_downgrade" name="test_run_quick_tests_skips_when_no_impacted" time="0.001" /><testcase classname="tests.component.test_checks_run_quick_downgrade" name="test_run_quick_tests_downgrades_when_pytest_missing" time="0.002" /><testcase classname="tests.docs.test_docs_anchors" name="test_development_main_anchors_exist" time="0.000" /><testcase classname="tests.docs.test_docs_anchors" name="test_docker_dev_no_ui_and_has_status_files" time="0.000" /><testcase classname="tests.docs.test_docs_anchors" name="test_readme_links_to_development" time="0.000" /><testcase classname="tests.docs.test_docs_anchors" name="test_ai_dev_guide_points_to_development" time="0.000" /><testcase classname="tests.docs.test_docs_anchors" name="test_hooks_mentions_vscode_required" time="0.000" /><testcase classname="tests.docs.test_docs_anchors" name="test_repo_docs_no_stale_compose_or_dashboard_patterns" time="0.002" /><testcase classname="tests.docs.test_readme_badges" name="test_readme_contains_ci_and_codecov_badges" time="0.000" /><testcase classname="tests.generator.test_hooks_render_ci_yaml" name="test_render_ci_yaml_includes_vscode_job_when_required" time="0.001" /><testcase classname="tests.integration.test_cli_maintenance" name="test_cli_maintenance_creates_hooks_and_ci" time="0.046" /><testcase classname="tests.integration.test_cli_smoke" name="test_cli_version_and_explain_performance" time="0.003" /><testcase classname="tests.test_checks_and_hooks" name="test_checks_skip_when_no_impacted_and_missing_tools" time="0.875" /><testcase classname="tests.test_checks_and_hooks" name="test_render_github_ci_yaml_respects_compiled_rules" time="0.001" /><testcase classname="tests.test_checks_and_hooks" name="test_pre_commit_config_contains_secrets_when_rule_enabled" time="0.001" /><testcase classname="tests.test_checks_and_hooks" name="test_plan_gate_script_requires_step_token" time="0.304" /><testcase classname="tests.test_checks_and_hooks" name="test_fs_apply_patch_strict_rejects_skip_marker" time="0.013" /><testcase classname="tests.test_checks_and_hooks" name="test_run_quick_tests_picks_impacted_tests" time="0.253" /><testcase classname="tests.test_checks_and_hooks" name="test_quick_tests_ordering_uses_failure_history_and_recency" time="0.186" /><testcase classname="tests.test_checks_and_hooks" name="test_dockerfile_baseline_gate" time="0.294" /><testcase classname="tests.test_checks_and_hooks" name="test_no_skip_xfail_grep_command" time="0.080" /><testcase classname="tests.test_checks_and_hooks" name="test_quick_tests_nodeid_ordering" time="0.186" /><testcase classname="tests.test_checks_deeper" name="test_run_type_and_lint_file_not_found" time="0.001" /><testcase classname="tests.test_checks_deeper" name="test_quick_tests_fallback_import_and_events_and_decay" time="0.004" /><testcase classname="tests.test_checks_deeper" name="test_build_index_parse_from_and_import_lines" time="0.001" /><testcase classname="tests.test_checks_deeper" name="test_discover_tests_by_import_read_text_error" time="0.001" /><testcase classname="tests.test_checks_deeper" name="test_load_test_index_invalid_json" time="0.001" /><testcase classname="tests.test_checks_deeper" name="test_index_meta_read_write_exceptions" time="0.001" /><testcase classname="tests.test_checks_deeper" name="test_read_last_fail_invalid_json" time="0.001" /><testcase classname="tests.test_checks_failures_and_cache_hit" name="test_run_quick_tests_records_failures" time="0.234" /><testcase classname="tests.test_checks_failures_and_cache_hit" name="test_coverage_cache_hit_flow" time="0.005" /><testcase classname="tests.test_checks_full_coverage" name="test_run_checks_lint_type_and_skip_tests" time="0.001" /><testcase classname="tests.test_checks_full_coverage" name="test_run_lint_and_type_paths" time="0.001" /><testcase classname="tests.test_checks_full_coverage" name="test_build_and_load_test_index_and_no_impacted" time="0.001" /><testcase classname="tests.test_checks_index_cache" name="test_load_test_index_rebuilds_on_change" time="0.001" /><testcase classname="tests.test_ci_mutation_step" name="test_ci_without_mutation_has_no_step" time="0.007" /><testcase classname="tests.test_ci_mutation_step" name="test_ci_with_rules_mutation_step_present" time="0.005" /><testcase classname="tests.test_ci_validate_edges" name="test_ci_validate_reports_missing_steps_when_no_ci" time="0.009" /><testcase classname="tests.test_ci_validate_edges" name="test_ci_validate_detects_precommit_only" time="0.010" /><testcase classname="tests.test_ci_validate_has_node_tests" name="test_ci_validate_has_node_tests_flag" time="0.010" /><testcase classname="tests.test_ci_validate_matrix_and_cache" name="test_ci_validate_matrix_and_cache_flags" time="0.010" /><testcase classname="tests.test_ci_vscode_required_flag" name="test_ci_vscode_required_removes_if_condition" time="0.030" /><testcase classname="tests.test_cli_ci_set_noargs" name="test_cli_ci_set_noargs_prints_existing" time="0.017" /><testcase classname="tests.test_cli_ci_validate_autofix" name="test_cli_ci_validate_and_autofix" time="0.015" /><testcase classname="tests.test_cli_commands" name="test_cli_init_print_and_plan" time="0.029" /><testcase classname="tests.test_cli_commands" name="test_cli_ci_set_and_generate_ci" time="0.019" /><testcase classname="tests.test_cli_commands" name="test_cli_rules_ingest_and_coverage_outputs" time="0.019" /><testcase classname="tests.test_cli_coverage_clean_cache" name="test_cli_coverage_clean_cache" time="0.006" /><testcase classname="tests.test_cli_coverage_clean_cache_no_file" name="test_cli_coverage_clean_cache_no_file" time="0.005" /><testcase classname="tests.test_cli_coverage_delta" name="test_cli_coverage_prints_delta" time="0.006" /><testcase classname="tests.test_cli_coverage_near_defaults" name="test_cli_coverage_near_uses_config_defaults" time="0.007" /><testcase classname="tests.test_cli_coverage_near_set" name="test_cli_coverage_near_set_updates_config" time="0.014" /><testcase classname="tests.test_cli_coverage_no_weak" name="test_cli_coverage_no_weak" time="0.006" /><testcase classname="tests.test_cli_coverage_report" name="test_cli_coverage_report_json" time="0.006" /><testcase classname="tests.test_cli_coverage_report_missing" name="test_cli_coverage_report_missing_xml" time="0.005" /><testcase classname="tests.test_cli_coverage_report_text" name="test_cli_coverage_report_text" time="0.007" /><testcase classname="tests.test_cli_coverage_tree" name="test_cli_coverage_tree" time="0.006" /><testcase classname="tests.test_cli_diagnose" name="test_cli_diagnose_json" time="0.017" /><testcase classname="tests.test_cli_diagnose_invalid_compiled" name="test_cli_diagnose_handles_invalid_compiled_json" time="0.007" /><testcase classname="tests.test_cli_diagnose_text_and_near_stdout" name="test_cli_diagnose_text" time="0.009" /><testcase classname="tests.test_cli_diagnose_text_and_near_stdout" name="test_cli_coverage_near_csv_stdout" time="0.005" /><testcase classname="tests.test_cli_enforce_and_prepare_failures" name="test_cli_enforce_failure" time="0.004" /><testcase classname="tests.test_cli_enforce_and_prepare_failures" name="test_cli_prepare_env_failure_with_packages" time="0.004" /><testcase classname="tests.test_cli_enforce_command" name="test_cli_enforce_outputs_enforced_and_next" time="0.016" /><testcase classname="tests.test_cli_extra_formats" name="test_cli_coverage_near_formats_and_outputs" time="0.018" /><testcase classname="tests.test_cli_extra_formats" name="test_cli_diagnose_text" time="0.009" /><testcase classname="tests.test_cli_misc_info_and_missing" name="test_cli_version_and_explain_and_start_and_install_hooks" time="0.050" /><testcase classname="tests.test_cli_misc_info_and_missing" name="test_cli_missing_resources_paths" time="0.029" /><testcase classname="tests.test_cli_more_edges" name="test_cli_diagnose_with_maxima" time="0.005" /><testcase classname="tests.test_cli_more_edges" name="test_cli_coverage_clean_cache_unlink_error" time="0.008" /><testcase classname="tests.test_cli_more_edges" name="test_cli_ci_set_invalid_yaml" time="0.011" /><testcase classname="tests.test_cli_more_edges" name="test_cli_prepare_env_dry_with_python" time="0.006" /><testcase classname="tests.test_cli_more_edges" name="test_cli_coverage_near_set_invalid_yaml" time="0.007" /><testcase classname="tests.test_cli_more_paths" name="test_cli_ingest_rules_conflicts" time="0.007" /><testcase classname="tests.test_cli_more_paths" name="test_cli_rules_explain_text_with_suggestions" time="0.005" /><testcase classname="tests.test_cli_more_paths" name="test_cli_coverage_near_missing_and_nonear" time="0.011" /><testcase classname="tests.test_cli_more_text_modes" name="test_cli_coverage_near_text_mode" time="0.008" /><testcase classname="tests.test_cli_more_text_modes" name="test_cli_rules_suggestions_text_mode" time="0.005" /><testcase classname="tests.test_cli_more_text_modes" name="test_cli_coverage_near_csv_stdout" time="0.007" /><testcase classname="tests.test_cli_more_text_modes" name="test_cli_plan_set" time="0.010" /><testcase classname="tests.test_cli_plan_and_rules_validate" name="test_cli_plan_set_updates_file" time="0.006" /><testcase classname="tests.test_cli_plan_and_rules_validate" name="test_cli_rules_validate_after_ingest" time="0.011" /><testcase classname="tests.test_cli_prepare_env" name="test_cli_prepare_env_dry_run" time="0.007" /><testcase classname="tests.test_cli_rules_explain" name="test_cli_rules_explain_outputs_summary" time="0.009" /><testcase classname="tests.test_cli_rules_explain_maxima" name="test_rules_explain_json_includes_maxima" time="0.005" /><testcase classname="tests.test_cli_rules_explain_maxima_text" name="test_cli_rules_explain_text_includes_maxima_keys" time="0.005" /><testcase classname="tests.test_cli_rules_suggestions" name="test_cli_rules_suggestions_outputs" time="0.012" /><testcase classname="tests.test_cli_rules_suggestions_output_files" name="test_cli_rules_suggestions_write_files" time="0.010" /><testcase classname="tests.test_cli_security_samples" name="test_cli_insert_security_samples" time="0.005" /><testcase classname="tests.test_compiled_md_maxima" name="test_compiled_markdown_includes_maxima" time="0.002" /><testcase classname="tests.test_config_and_enforce" name="test_config_get_and_update" time="0.027" /><testcase classname="tests.test_config_and_enforce" name="test_rules_enforce_updates_coverage_thresholds" time="0.023" /><testcase classname="tests.test_config_deep_merge" name="test_load_config_deep_merge_preserves_nested_defaults" time="0.002" /><testcase classname="tests.test_config_human_summary" name="test_config_human_summary" time="0.006" /><testcase classname="tests.test_coverage_cache" name="test_coverage_cache_file_created_and_updates" time="0.002" /><testcase classname="tests.test_coverage_near" name="test_mcp_near_resource" time="0.011" /><testcase classname="tests.test_coverage_near" name="test_cli_coverage_near" time="0.008" /><testcase classname="tests.test_coverage_near" name="test_cli_coverage_near_with_prefix_filter" time="0.008" /><testcase classname="tests.test_coverage_near" name="test_cli_coverage_near_json_and_csv" time="0.015" /><testcase classname="tests.test_coverage_near" name="test_cli_coverage_near_within_min_clamped" time="0.008" /><testcase classname="tests.test_coverage_parsing_edges" name="test_coverage_parsing_fallbacks_and_skips" time="0.001" /><testcase classname="tests.test_coverage_summary" name="test_summarize_weak_items_and_thresholds" time="0.001" /><testcase classname="tests.test_coverage_summary" name="test_summarize_groups_aggregates_by_prefix" time="0.001" /><testcase classname="tests.test_coverage_summary_extra" name="test_groups_and_near_combination" time="0.001" /><testcase classname="tests.test_coverage_summary_internal_patch" name="test_summarize_groups_with_bad_coverage" time="0.001" /><testcase classname="tests.test_coverage_summary_internal_patch" name="test_summarize_delta_exception_with_policy_and_bad_coverage" time="0.001" /><testcase classname="tests.test_coverage_summary_internal_patch" name="test_summarize_tree_deeper_nesting" time="0.001" /><testcase classname="tests.test_coverage_summary_internal_patch" name="test_summarize_delta_try_except_with_bad_coverage_object" time="0.002" /><testcase classname="tests.test_coverage_summary_more_edges" name="test_read_classes_with_cache_read_bytes_exception" time="0.001" /><testcase classname="tests.test_coverage_summary_more_edges" name="test_parse_invalid_xml_returns_empty" time="0.002" /><testcase classname="tests.test_coverage_summary_more_edges" name="test_read_classes_hash_exception" time="0.001" /><testcase classname="tests.test_coverage_summary_more_edges" name="test_cache_write_exception" time="0.001" /><testcase classname="tests.test_coverage_summary_more_edges" name="test_read_classes_nonexistent_path" time="0.001" /><testcase classname="tests.test_coverage_summary_more_edges" name="test_lines_valid_covered_value_error" time="0.001" /><testcase classname="tests.test_coverage_summary_new_branches" name="test_cache_files_shape_is_list_is_ignored" time="0.002" /><testcase classname="tests.test_coverage_summary_new_branches" name="test_lines_valid_and_covered_bad_values_do_not_crash" time="0.002" /><testcase classname="tests.test_coverage_summary_new_branches" name="test_policy_delta_float_failure_path" time="0.001" /><testcase classname="tests.test_coverage_summary_new_branches" name="test_groups_and_near_cover" time="0.002" /><testcase classname="tests.test_dev_agent_basic" name="test_compute_status_fallback_reads_previous_status" time="0.009" /><testcase classname="tests.test_dev_agent_basic" name="test_compute_status_groups_and_near" time="0.001" /><testcase classname="tests.test_dev_agent_basic" name="test_main_runs_one_cycle_and_writes_status" time="1.848" /><testcase classname="tests.test_dev_agent_basic" name="test_history_trim" time="1.813" /><testcase classname="tests.test_dev_agent_basic" name="test_fail_counters_and_freeze_recover" time="2.744" /><testcase classname="tests.test_dev_agent_more" name="test_run_tests_with_coverage_success" time="0.001" /><testcase classname="tests.test_dev_agent_more" name="test_run_tests_with_coverage_not_found" time="0.001" /><testcase classname="tests.test_dev_agent_more" name="test_git_changed_files_parse" time="0.001" /><testcase classname="tests.test_dev_agent_more" name="test_run_impacted_or_full_quick_and_full" time="0.001" /><testcase classname="tests.test_dev_agent_more" name="test_bypass_activation_and_signature" time="1.764" /><testcase classname="tests.test_dev_agent_more" name="test_plan_fallback_next_section" time="0.002" /><testcase classname="tests.test_dev_agent_more" name="test_main_autocommit_and_tag" time="1.010" /><testcase classname="tests.test_fs_apply_patch_dryrun_and_maxfiles" name="test_apply_patch_dry_run_returns_would_write" time="0.002" /><testcase classname="tests.test_fs_apply_patch_dryrun_and_maxfiles" name="test_apply_patch_max_files_rejects" time="0.001" /><testcase classname="tests.test_fs_guard_no_post_checks" name="test_fs_guard_without_post_checks" time="0.002" /><testcase classname="tests.test_fs_guard_post_checks" name="test_fs_guard_post_checks_handles_errors" time="0.003" /><testcase classname="tests.test_fs_guard_post_checks" name="test_fs_guard_post_checks_runs_without_error" time="0.930" /><testcase classname="tests.test_fs_guard_strict_blocks" name="test_fs_guard_strict_blocks_on_failed_checks" time="0.002" /><testcase classname="tests.test_hooks_autofix_nochange" name="test_autofix_returns_unchanged_when_same" time="0.001" /><testcase classname="tests.test_hooks_invalid_compiled" name="test_install_git_hooks_ignores_invalid_compiled" time="0.019" /><testcase classname="tests.test_hooks_invalid_compiled" name="test_render_ci_yaml_with_invalid_compiled" time="0.001" /><testcase classname="tests.test_hooks_precommit_install" name="test_install_git_hooks_with_precommit" time="0.002" /><testcase classname="tests.test_hooks_render_flags" name="test_render_github_ci_with_mutation_and_vscode_required" time="0.007" /><testcase classname="tests.test_main_entrypoint" name="test_module_entrypoint_runs_help" time="0.044" /><testcase classname="tests.test_mcp_ci_and_resources" name="test_mcp_resources_coverage_groups_respects_policy" time="0.020" /><testcase classname="tests.test_mcp_ci_and_resources" name="test_mcp_ci_validate_and_autofix_backup" time="0.023" /><testcase classname="tests.test_mcp_coverage_missing" name="test_coverage_summary_resource_missing" time="0.010" /><testcase classname="tests.test_mcp_coverage_near_config" name="test_resources_near_uses_config_window_and_top" time="0.015" /><testcase classname="tests.test_mcp_coverage_near_tool" name="test_tools_call_coverage_near" time="0.014" /><testcase classname="tests.test_mcp_coverage_near_tool_defaults" name="test_tool_coverage_near_uses_config_defaults" time="0.011" /><testcase classname="tests.test_mcp_coverage_report_resource" name="test_mcp_coverage_report_resource" time="0.012" /><testcase classname="tests.test_mcp_coverage_tree" name="test_coverage_tree_resource" time="0.011" /><testcase classname="tests.test_mcp_fs_apply_patch_modes" name="test_apply_patch_write_only" time="0.001" /><testcase classname="tests.test_mcp_fs_apply_patch_modes" name="test_apply_patch_strict_with_checks" time="0.934" /><testcase classname="tests.test_mcp_misc_tools_and_resources" name="test_mcp_project_and_memory_and_rules_init" time="0.011" /><testcase classname="tests.test_mcp_misc_tools_and_resources" name="test_mcp_rules_resources_after_ingest" time="0.013" /><testcase classname="tests.test_mcp_misc_tools_and_resources" name="test_mcp_tools_env_and_config_and_ci_and_enforce" time="4.523" /><testcase classname="tests.test_mcp_misc_tools_and_resources" name="test_mcp_tool_error_paths" time="0.010" /><testcase classname="tests.test_mcp_resources_errors" name="test_rules_resources_read_returns_error_when_missing" time="0.002" /><testcase classname="tests.test_mcp_resources_more_edges" name="test_ci_workflow_resource_missing_and_present" time="0.014" /><testcase classname="tests.test_mcp_resources_more_edges" name="test_config_resource_missing_and_present" time="0.038" /><testcase classname="tests.test_mcp_resources_variants" name="test_resources_read_config_progress_and_ci" time="0.026" /><testcase classname="tests.test_mcp_rules_maxima_resource" name="test_rules_maxima_resource" time="0.012" /><testcase classname="tests.test_mcp_rules_maxima_resource_edges" name="test_rules_maxima_resource_missing_and_invalid" time="0.012" /><testcase classname="tests.test_mcp_server_api" name="test_initialize_and_tools_list" time="0.001" /><testcase classname="tests.test_mcp_server_api" name="test_resources_plan_config_and_coverage" time="0.048" /><testcase classname="tests.test_mcp_server_api" name="test_rules_ingest_and_ci_validate" time="0.012" /><testcase classname="tests.test_mcp_server_apply_patch_strict_checks" name="test_fs_apply_patch_strict_fails_on_checks" time="0.346" /><testcase classname="tests.test_mcp_server_detect_multi" name="test_project_detect_node_and_rust" time="0.011" /><testcase classname="tests.test_mcp_server_extra_coverage" name="test_tool_coverage_report_missing_file" time="0.010" /><testcase classname="tests.test_mcp_server_extra_coverage" name="test_tool_coverage_report_ok" time="0.013" /><testcase classname="tests.test_mcp_server_extra_coverage" name="test_tool_coverage_near_missing_and_ok" time="0.012" /><testcase classname="tests.test_mcp_server_extra_coverage" name="test_resource_coverage_report_json" time="0.013" /><testcase classname="tests.test_mcp_server_extra_coverage" name="test_env_prepare_success_branch" time="0.012" /><testcase classname="tests.test_mcp_server_extra_coverage" name="test_resources_memory_and_ping" time="0.011" /><testcase classname="tests.test_mcp_server_extra_coverage" name="test_unknown_tool_raises" time="0.011" /><testcase classname="tests.test_mcp_server_extra_coverage" name="test_config_update_invalid_payload_raises" time="0.011" /><testcase classname="tests.test_mcp_server_more" name="test_initialize_and_ping_and_tools" time="0.012" /><testcase classname="tests.test_mcp_server_more" name="test_memory_and_rules_unknown_resource" time="0.011" /><testcase classname="tests.test_mcp_server_more" name="test_fs_apply_patch_paths" time="0.336" /><testcase classname="tests.test_mcp_server_more_edges_2" name="test_env_diagnose_reads_maxima" time="0.014" /><testcase classname="tests.test_mcp_server_more_edges_2" name="test_rules_enforce_with_invalid_yaml" time="0.012" /><testcase classname="tests.test_mcp_server_more_edges_2" name="test_project_detect_python" time="0.011" /><testcase classname="tests.test_mcp_server_more_unknowns_and_errors" name="test_handle_unknown_method_and_resource" time="0.009" /><testcase classname="tests.test_mcp_server_more_unknowns_and_errors" name="test_env_prepare_exception_path" time="0.011" /><testcase classname="tests.test_mcp_server_more_unknowns_and_errors" name="test_env_diagnose_invalid_maxima" time="0.011" /><testcase classname="tests.test_mcp_server_more_unknowns_and_errors" name="test_rules_maxima_tool_missing_and_invalid" time="0.010" /><testcase classname="tests.test_mcp_server_more_unknowns_and_errors" name="test_plan_update_missing_text" time="0.010" /><testcase classname="tests.test_mcp_server_more_unknowns_and_errors" name="test_config_get_and_update_invalid_yaml" time="0.012" /><testcase classname="tests.test_mcp_server_more_unknowns_and_errors" name="test_serve_stdio_parse_error_and_blank" time="0.009" /><testcase classname="tests.test_mcp_server_prompts" name="test_mcp_prompts_minimal_endpoints" time="0.010" /><testcase classname="tests.test_mcp_server_read_stdin_lines" name="test__read_stdin_lines" time="0.000" /><testcase classname="tests.test_mcp_server_stdio_and_detect" name="test_serve_stdio_ping" time="0.010" /><testcase classname="tests.test_mcp_server_stdio_and_detect" name="test_project_detect_node_and_rust" time="0.012" /><testcase classname="tests.test_mcp_server_stdio_and_detect" name="test_rules_maxima_resource_error_when_missing" time="0.011" /><testcase classname="tests.test_mcp_server_stdio_and_detect" name="test_rules_maxima_resource_invalid_json" time="0.012" /><testcase classname="tests.test_mcp_tools_list_contains" name="test_tools_list_contains_new_tools" time="0.008" /><testcase classname="tests.test_mcp_tools_report_maxima" name="test_tools_coverage_report_and_rules_maxima" time="0.013" /><testcase classname="tests.test_memory_and_progress" name="test_memory_manager_window_and_summary" time="0.002" /><testcase classname="tests.test_memory_and_progress" name="test_progress_parse_and_update_fields" time="0.001" /><testcase classname="tests.test_nl_mapping" name="test_nl_synonyms_to_tools" time="0.000" /><testcase classname="tests.test_nl_more" name="test_more_nl_synonyms" time="0.000" /><testcase classname="tests.test_nl_none" name="test_nl_parse_none_for_unrelated_text" time="0.000" /><testcase classname="tests.test_progress_append_branch" name="test_update_plan_appends_when_missing_fields" time="0.001" /><testcase classname="tests.test_rules_conflict_delta_configurable" name="test_conflict_delta_from_config" time="0.003" /><testcase classname="tests.test_rules_conflict_delta_per_key" name="test_per_key_conflict_delta" time="0.005" /><testcase classname="tests.test_rules_enforce_flags" name="test_rules_enforce_sets_needs_flags" time="0.021" /><testcase classname="tests.test_rules_enforce_missing" name="test_rules_enforce_requires_compiled_rules" time="0.013" /><testcase classname="tests.test_rules_enforce_policy_sync" name="test_rules_enforce_syncs_ci_and_returns_enforced" time="0.041" /><testcase classname="tests.test_rules_ingest" name="test_ingest_compiles_rules_and_detects_conflicts" time="0.004" /><testcase classname="tests.test_rules_ingest" name="test_ingest_supports_yaml_and_json_inputs" time="0.019" /><testcase classname="tests.test_rules_ingest" name="test_conflict_threshold_is_strictly_gt_5_percent" time="0.006" /><testcase classname="tests.test_rules_ingest_between" name="test_between_english_module" time="0.006" /><testcase classname="tests.test_rules_ingest_between" name="test_between_chinese_core" time="0.006" /><testcase classname="tests.test_rules_ingest_between" name="test_between_chinese_module" time="0.002" /><testcase classname="tests.test_rules_ingest_cache" name="test_rules_ingest_cache_created_and_used" time="0.003" /><testcase classname="tests.test_rules_ingest_caps" name="test_numeric_percent_over_100_is_capped" time="0.002" /><testcase classname="tests.test_rules_ingest_cheng_percent" name="test_chinese_cheng_nine_tenths" time="0.004" /><testcase classname="tests.test_rules_ingest_cheng_percent" name="test_chinese_cheng_ten_tenths" time="0.004" /><testcase classname="tests.test_rules_ingest_cheng_percent" name="test_chinese_cheng_with_decimal" time="0.004" /><testcase classname="tests.test_rules_ingest_cn_decimal_phrases" name="test_chinese_not_less_than_decimal_module" time="0.003" /><testcase classname="tests.test_rules_ingest_cn_decimal_phrases" name="test_chinese_not_less_than_decimal_core" time="0.003" /><testcase classname="tests.test_rules_ingest_dev_process" name="test_dev_tdd_and_strict_order_flags" time="0.003" /><testcase classname="tests.test_rules_ingest_exceptions_and_cache" name="test_parse_text_file_read_error" time="0.000" /><testcase classname="tests.test_rules_ingest_exceptions_and_cache" name="test_extract_percentage_exception_paths" time="0.000" /><testcase classname="tests.test_rules_ingest_exceptions_and_cache" name="test_parse_yaml_json_invalid" time="0.001" /><testcase classname="tests.test_rules_ingest_exceptions_and_cache" name="test_compile_rules_invalid_config_yaml" time="0.002" /><testcase classname="tests.test_rules_ingest_exceptions_and_cache" name="test_ingest_cache_write_exception" time="0.003" /><testcase classname="tests.test_rules_ingest_greater_than" name="test_greater_than_module" time="0.002" /><testcase classname="tests.test_rules_ingest_greater_than" name="test_greater_than_core_english" time="0.002" /><testcase classname="tests.test_rules_ingest_greater_than" name="test_upper_bound_does_not_set_min" time="0.003" /><testcase classname="tests.test_rules_ingest_more" name="test_extract_warnings_as_errors_and_suggestion" time="0.002" /><testcase classname="tests.test_rules_ingest_more" name="test_extract_perf_budget_ms" time="0.003" /><testcase classname="tests.test_rules_ingest_more" name="test_pre_commit_contains_docker_baseline_hook_when_policy_enabled" time="0.001" /><testcase classname="tests.test_rules_ingest_more" name="test_core_threshold_via_phrase_without_percent" time="0.002" /><testcase classname="tests.test_rules_ingest_more_edges" name="test_english_and_chinese_numerals_parsing" time="0.000" /><testcase classname="tests.test_rules_ingest_more_edges" name="test_parse_yaml_and_json_and_flatten" time="0.002" /><testcase classname="tests.test_rules_ingest_more_edges" name="test_ingest_cache_and_conflict_deltas" time="0.006" /><testcase classname="tests.test_rules_ingest_more_edges" name="test_interpret_policy_float_exceptions" time="0.000" /><testcase classname="tests.test_rules_ingest_percent_decimal" name="test_decimal_percent_module" time="0.002" /><testcase classname="tests.test_rules_ingest_percent_decimal" name="test_decimal_percent_core_english" time="0.002" /><testcase classname="tests.test_rules_ingest_phrases" name="test_english_at_least_coverage_maps_to_min_module" time="0.002" /><testcase classname="tests.test_rules_ingest_phrases" name="test_no_skip_or_xfail_maps_flag" time="0.004" /><testcase classname="tests.test_rules_ingest_phrases" name="test_chinese_percent_module" time="0.004" /><testcase classname="tests.test_rules_ingest_phrases" name="test_chinese_percent_core" time="0.004" /><testcase classname="tests.test_rules_ingest_phrases" name="test_english_percent_module_and_core" time="0.003" /><testcase classname="tests.test_rules_ingest_phrases" name="test_english_no_less_than_digits" time="0.003" /><testcase classname="tests.test_rules_ingest_phrases" name="test_chinese_core_percent_99" time="0.005" /><testcase classname="tests.test_rules_ingest_phrases" name="test_coverage_100_caps_to_1" time="0.003" /><testcase classname="tests.test_rules_ingest_phrases" name="test_english_words_percent" time="0.014" /><testcase classname="tests.test_rules_ingest_phrases" name="test_english_words_percent_seventy_five_and_one_hundred" time="0.007" /><testcase classname="tests.test_rules_ingest_phrases" name="test_english_words_percent_over_100_capped" time="0.003" /><testcase classname="tests.test_rules_ingest_phrases" name="test_chinese_words_over_100_capped" time="0.002" /><testcase classname="tests.test_rules_ingest_policy_expressions" name="test_interpret_policy_various_expressions" time="0.006" /><testcase classname="tests.test_rules_ingest_security_container_perf" name="test_sast_devcontainer_perf_and_vcs_flags" time="0.003" /><testcase classname="tests.test_rules_ingest_skip_code_fences" name="test_skip_code_fences_when_parsing_text" time="0.002" /><testcase classname="tests.test_rules_ingest_targeted_lines" name="test_interpret_policy_core_between_english_and_chinese" time="0.001" /><testcase classname="tests.test_rules_ingest_targeted_lines" name="test_english_words_to_int_empty" time="0.000" /><testcase classname="tests.test_rules_ingest_targeted_lines" name="test_ingest_reads_cache_invalid_and_bad_items" time="0.005" /><testcase classname="tests.test_rules_ingest_targeted_lines" name="test_to_markdown_handles_nonfloat_maxima" time="0.000" /><testcase classname="tests.test_rules_ingest_upper_bounds" name="test_upper_bound_chinese_module" time="0.002" /><testcase classname="tests.test_rules_ingest_upper_bounds" name="test_upper_bound_english_core" time="0.002" /><testcase classname="tests.test_rules_ingest_upper_bounds" name="test_interval_lower_and_upper" time="0.003" /><testcase classname="tests.test_rules_ingest_upper_bounds_words" name="test_upper_bound_english_words_core" time="0.003" /><testcase classname="tests.test_rules_ingest_upper_bounds_words" name="test_upper_bound_english_words_module" time="0.002" /><testcase classname="tests.test_rules_thresholds" name="test_rules_choose_thresholds_and_explain" time="0.000" /><testcase classname="tests.test_server_start" name="test_server_start_calls_serve_stdio" time="0.000" /><testcase classname="tests.test_suggestions_severity" name="test_suggestions_have_severity_and_cli_summarizes" time="0.008" /><testcase classname="tests.test_x" name="test_version_is_nonempty_string" time="0.000" /><testcase classname="tests.unit.test_checks_index_edges" name="test_build_index_when_tests_missing_writes_meta" time="0.001" /><testcase classname="tests.unit.test_checks_index_edges" name="test_load_index_invalid_json_and_signature_change" time="0.002" /><testcase classname="tests.unit.test_checks_index_edges" name="test_read_last_fail_invalid_returns_defaults" time="0.001" /><testcase classname="tests.unit.test_checks_run_edges" name="test__run_importlib_failure_pipe_none" time="0.001" /><testcase classname="tests.unit.test_checks_run_edges" name="test__compute_tests_signature_stat_error" time="0.001" /><testcase classname="tests.unit.test_checks_run_edges" name="test_build_test_index_read_text_error" time="0.001" /><testcase classname="tests.unit.test_checks_run_edges" name="test_run_quick_tests_config_yaml_error" time="0.002" /><testcase classname="tests.unit.test_checks_run_edges" name="test_run_quick_tests_events_missing_ts" time="0.003" /><testcase classname="tests.unit.test_config_defaults" name="test_ensure_and_load_defaults" time="0.007" /><testcase classname="tests.unit.test_config_defaults" name="test_human_summary_contains_key_sections" time="0.003" /><testcase classname="tests.unit.test_coverage_summary_edges" name="test_summarize_no_policy_path" time="0.002" /><testcase classname="tests.unit.test_coverage_summary_edges" name="test_summarize_missing_xml_and_groups_missing" time="0.001" /><testcase classname="tests.unit.test_coverage_summary_edges" name="test_summarize_near_within_and_top" time="0.002" /><testcase classname="tests.unit.test_coverage_summary_edges" name="test_summarize_tree_base_not_ok" time="0.001" /><testcase classname="tests.unit.test_coverage_summary_edges" name="test_summarize_with_bad_coverage_policy" time="0.002" /><testcase classname="tests.unit.test_coverage_summary_edges" name="test_summarize_with_bad_coverage_no_policy" time="0.001" /><testcase classname="tests.unit.test_coverage_summary_edges" name="test_summarize_groups_bad_line_counts" time="0.001" /><testcase classname="tests.unit.test_coverage_summary_guard_branches" name="test_summarize_sort_key_guard" time="0.001" /><testcase classname="tests.unit.test_coverage_summary_guard_branches" name="test_summarize_groups_key_cov_guard" time="0.002" /><testcase classname="tests.unit.test_coverage_summary_guard_branches" name="test_summarize_near_key_delta_guard" time="0.001" /><testcase classname="tests.unit.test_coverage_summary_minimal" name="test_summaries_with_minimal_xml" time="0.002" /><testcase classname="tests.unit.test_dev_agent_edges" name="test_git_changed_files_blank_and_error" time="0.001" /><testcase classname="tests.unit.test_dev_agent_edges" name="test_ensure_dashboard_rmtree_error" time="0.001" /><testcase classname="tests.unit.test_dev_agent_edges" name="test_compute_status_exceptions_and_next_break" time="0.001" /><testcase classname="tests.unit.test_dev_agent_edges" name="test_main_initial_exceptions_and_history_invalid" time="1.280" /><testcase classname="tests.unit.test_dev_agent_edges" name="test_main_loop_excepts_and_counters_and_commits" time="1.005" /><testcase classname="tests.unit.test_dev_agent_edges" name="test_bypass_signature_count_increment" time="2.523" /><testcase classname="tests.unit.test_hooks_ci_flags" name="test_ci_yaml_contains_precommit_and_hadolint_when_enabled" time="0.009" /><testcase classname="tests.unit.test_hooks_docker_gate" name="test_install_hooks_generates_docker_gate_and_detects_violations" time="0.106" /><testcase classname="tests.unit.test_hooks_exceptions" name="test_install_hooks_precommit_run_raises" time="0.002" /><testcase classname="tests.unit.test_hooks_exceptions" name="test_install_hooks_commit_template_outer_and_inner_except" time="0.002" /><testcase classname="tests.unit.test_hooks_precommit_blocks" name="test_precommit_blocks_with_secrets_and_docker_baseline" time="0.008" /><testcase classname="tests.unit.test_memory_manager" name="test_memory_append_and_snapshot" time="0.001" /><testcase classname="tests.unit.test_progress_module" name="test_ensure_read_write_and_parse" time="0.001" /><testcase classname="tests.unit.test_rules_conflict_per_key_delta" name="test_compile_rules_per_key_conflict_delta" time="0.004" /><testcase classname="tests.unit.test_rules_ingest_boost" name="test_ingest_handles_maxima_non_numeric_and_merging" time="0.004" /><testcase classname="tests.unit.test_rules_ingest_boost" name="test_chinese_numeral_edge_cases" time="0.000" /><testcase classname="tests.unit.test_rules_ingest_cache_edges" name="test_ingest_text_cache_miss_and_exceptions" time="0.004" /><testcase classname="tests.unit.test_rules_ingest_cache_invalid_json" name="test_ingest_ignores_invalid_cache_json" time="0.003" /><testcase classname="tests.unit.test_rules_ingest_cn_hundreds" name="test_chinese_hundred_ten_clamp_core" time="0.002" /><testcase classname="tests.unit.test_rules_ingest_cn_hundreds" name="test_chinese_two_hundred_clamp_module" time="0.002" /><testcase classname="tests.unit.test_rules_ingest_conflict_merge_extremes" name="test_numeric_close_values_keep_stricter_without_conflict" time="0.002" /><testcase classname="tests.unit.test_rules_ingest_conflict_merge_extremes" name="test_boolean_conflict_detected_and_stricter_kept" time="0.001" /><testcase classname="tests.unit.test_rules_ingest_empty_docs" name="test_ingest_empty_yaml_and_json" time="0.003" /><testcase classname="tests.unit.test_rules_ingest_maxima" name="test_maxima_aggregates_and_keeps_stricter" time="0.001" /><testcase classname="tests.unit.test_rules_ingest_maxima" name="test_english_words_clamp_over_100" time="0.000" /><testcase classname="tests.unit.test_rules_ingest_yaml_nested" name="test_yaml_nested_flattens_to_coverage_keys" time="0.002" /><testcase classname="tests.unit.test_tools_registry" name="test_register_and_list_tools" time="0.002" /></testsuite></testsuites>